[debug] [2022-06-06T17:13:45.215Z] ----------------------------------------------------------------------
[debug] [2022-06-06T17:13:45.217Z] Command:       /home/sohaib/.nvm/versions/node/v18.2.0/bin/node /home/sohaib/.nvm/versions/node/v18.2.0/bin/firebase deploy
[debug] [2022-06-06T17:13:45.218Z] CLI Version:   11.0.1
[debug] [2022-06-06T17:13:45.218Z] Platform:      linux
[debug] [2022-06-06T17:13:45.218Z] Node Version:  v18.2.0
[debug] [2022-06-06T17:13:45.219Z] Time:          Mon Jun 06 2022 22:13:45 GMT+0500 (Pakistan Standard Time)
[debug] [2022-06-06T17:13:45.219Z] ----------------------------------------------------------------------
[debug] 
[debug] [2022-06-06T17:13:45.301Z] > command requires scopes: ["email","openid","https://www.googleapis.com/auth/cloudplatformprojects.readonly","https://www.googleapis.com/auth/firebase","https://www.googleapis.com/auth/cloud-platform"]
[debug] [2022-06-06T17:13:45.301Z] > authorizing via signed-in user (sohaibbutt448506@gmail.com)
[debug] [2022-06-06T17:13:45.301Z] [iam] checking project chat-2b75a for permissions ["firebase.projects.get","firebasehosting.sites.update"]
[debug] [2022-06-06T17:13:45.303Z] > refreshing access token with scopes: []
[debug] [2022-06-06T17:13:45.304Z] >>> HTTP REQUEST POST https://www.googleapis.com/oauth2/v3/token  
 <request body omitted>
[debug] [2022-06-06T17:13:46.280Z] <<< HTTP RESPONSE 200 {"pragma":"no-cache","date":"Mon, 06 Jun 2022 17:13:46 GMT","expires":"Mon, 01 Jan 1990 00:00:00 GMT","cache-control":"no-cache, no-store, max-age=0, must-revalidate","content-type":"application/json; charset=utf-8","vary":"X-Origin, Referer, Origin,Accept-Encoding","server":"scaffolding on HTTPServer2","x-xss-protection":"0","x-frame-options":"SAMEORIGIN","x-content-type-options":"nosniff","alt-svc":"h3=\":443\"; ma=2592000,h3-29=\":443\"; ma=2592000,h3-Q050=\":443\"; ma=2592000,h3-Q046=\":443\"; ma=2592000,h3-Q043=\":443\"; ma=2592000,quic=\":443\"; ma=2592000; v=\"46,43\"","accept-ranges":"none","transfer-encoding":"chunked"}
[debug] [2022-06-06T17:13:46.295Z] >>> [apiv2][query] POST https://cloudresourcemanager.googleapis.com/v1/projects/chat-2b75a:testIamPermissions [none]
[debug] [2022-06-06T17:13:46.295Z] >>> [apiv2][body] POST https://cloudresourcemanager.googleapis.com/v1/projects/chat-2b75a:testIamPermissions {"permissions":["firebase.projects.get","firebasehosting.sites.update"]}
[debug] [2022-06-06T17:13:48.628Z] <<< [apiv2][status] POST https://cloudresourcemanager.googleapis.com/v1/projects/chat-2b75a:testIamPermissions 200
[debug] [2022-06-06T17:13:48.629Z] <<< [apiv2][body] POST https://cloudresourcemanager.googleapis.com/v1/projects/chat-2b75a:testIamPermissions {"permissions":["firebase.projects.get","firebasehosting.sites.update"]}
[debug] [2022-06-06T17:13:48.632Z] >>> [apiv2][query] GET https://firebase.googleapis.com/v1beta1/projects/chat-2b75a [none]
